<?xml version="1.0" encoding="UTF-8"?>
<!-- Generated by org.testng.reporters.JUnitReportReporter -->
<testsuite hostname="DESKTOP-I16HI44" failures="0" tests="1" name="withBDD.CRUD_DELETE" time="1.804" errors="0" timestamp="2022-11-09T13:21:07 IST" skipped="0">
  <testcase classname="withBDD.CRUD_DELETE" name="deleteProjectWithBDD" time="1.804"/>
  <system-out/>
</testsuite> <!-- withBDD.CRUD_DELETE -->
