<?xml version="1.0" encoding="UTF-8"?>
<!-- Generated by org.testng.reporters.JUnitReportReporter -->
<testsuite hostname="DESKTOP-I16HI44" failures="0" tests="1" name="Validation.RequestChainingFirst" time="3.375" errors="0" timestamp="2022-11-14T13:03:58 IST" skipped="0">
  <testcase classname="Validation.RequestChainingFirst" name="requestChainingFirst" time="3.375"/>
  <system-out/>
</testsuite> <!-- Validation.RequestChainingFirst -->
