<?xml version="1.0" encoding="UTF-8"?>
<!-- Generated by org.testng.reporters.JUnitReportReporter -->
<testsuite hostname="DESKTOP-I16HI44" failures="0" tests="1" name="withBDD.CRUD_GET_AllProject_WithBDD" time="2.425" errors="0" timestamp="2022-11-09T16:38:37 IST" skipped="0">
  <testcase classname="withBDD.CRUD_GET_AllProject_WithBDD" name="getAllProjectWithBDD" time="2.425"/>
  <system-out/>
</testsuite> <!-- withBDD.CRUD_GET_AllProject_WithBDD -->
