<?xml version="1.0" encoding="UTF-8"?>
<!-- Generated by org.testng.reporters.JUnitReportReporter -->
<testsuite hostname="DESKTOP-I16HI44" failures="0" tests="1" name="RestAssuredUsingInbuildMethods.GetSingleProjectInBuild" time="1.644" errors="0" timestamp="2022-11-09T11:21:27 IST" skipped="0">
  <testcase classname="RestAssuredUsingInbuildMethods.GetSingleProjectInBuild" name="getSingleProjectPath" time="1.644"/>
  <system-out/>
</testsuite> <!-- RestAssuredUsingInbuildMethods.GetSingleProjectInBuild -->
