<?xml version="1.0" encoding="UTF-8"?>
<!-- Generated by org.testng.reporters.JUnitReportReporter -->
<testsuite hostname="DESKTOP-I16HI44" failures="0" tests="1" name="RestAssuredPrograms.AddProjectTest" time="2.447" errors="0" timestamp="2022-11-08T12:17:36 IST" skipped="0">
  <testcase classname="RestAssuredPrograms.AddProjectTest" name="addProjectTest" time="2.447"/>
  <system-out/>
</testsuite> <!-- RestAssuredPrograms.AddProjectTest -->
