<?xml version="1.0" encoding="UTF-8"?>
<!-- Generated by org.testng.reporters.JUnitReportReporter -->
<testsuite hostname="DESKTOP-I16HI44" failures="0" tests="1" name="WithoutBDD.CRUD_PUT_WithoutBDD" time="2.150" errors="0" timestamp="2022-11-09T16:00:18 IST" skipped="0">
  <testcase classname="WithoutBDD.CRUD_PUT_WithoutBDD" name="putWIthoutBDD" time="2.150"/>
  <system-out/>
</testsuite> <!-- WithoutBDD.CRUD_PUT_WithoutBDD -->
