<?xml version="1.0" encoding="UTF-8"?>
<!-- Generated by org.testng.reporters.JUnitReportReporter -->
<testsuite hostname="DESKTOP-I16HI44" failures="0" tests="1" name="EndToEnd.CreateProjectInRMG" time="19.400" errors="0" timestamp="2022-11-15T17:54:06 IST" skipped="0">
  <testcase classname="EndToEnd.CreateProjectInRMG" name="creatingProjectInPresentationLayer" time="19.400"/>
  <system-out/>
</testsuite> <!-- EndToEnd.CreateProjectInRMG -->
