<?xml version="1.0" encoding="UTF-8"?>
<!-- Generated by org.testng.reporters.JUnitReportReporter -->
<testsuite hostname="DESKTOP-I16HI44" failures="0" tests="1" name="EndToEnd.CreateProjectAndVerifyDataBase" time="3.295" errors="0" timestamp="2022-11-15T17:00:56 IST" skipped="0">
  <testcase classname="EndToEnd.CreateProjectAndVerifyDataBase" name="createProjectAndVerify" time="3.295"/>
  <system-out/>
</testsuite> <!-- EndToEnd.CreateProjectAndVerifyDataBase -->
