<?xml version="1.0" encoding="UTF-8"?>
<!-- Generated by org.testng.reporters.JUnitReportReporter -->
<testsuite hostname="DESKTOP-I16HI44" failures="0" tests="1" name="RestAssuredUsingInbuildMethods.AddProjectInBuild" time="1.703" errors="0" timestamp="2022-11-09T11:13:48 IST" skipped="0">
  <testcase classname="RestAssuredUsingInbuildMethods.AddProjectInBuild" name="addProjectInBuildRest" time="1.703"/>
  <system-out/>
</testsuite> <!-- RestAssuredUsingInbuildMethods.AddProjectInBuild -->
