<?xml version="1.0" encoding="UTF-8"?>
<!-- Generated by org.testng.reporters.JUnitReportReporter -->
<testsuite hostname="DESKTOP-I16HI44" failures="0" tests="1" name="WithoutBDD.CRUD_GET_AllProject_WithoutBDD" time="2.430" errors="0" timestamp="2022-11-09T15:55:59 IST" skipped="0">
  <testcase classname="WithoutBDD.CRUD_GET_AllProject_WithoutBDD" name="getAllProjectWithoutBDD" time="2.430"/>
  <system-out/>
</testsuite> <!-- WithoutBDD.CRUD_GET_AllProject_WithoutBDD -->
