<?xml version="1.0" encoding="UTF-8"?>
<!-- Generated by org.testng.reporters.JUnitReportReporter -->
<testsuite hostname="DESKTOP-I16HI44" failures="0" tests="1" name="RestAssuredPrograms.DeSerialisationRestAssured" time="0.245" errors="0" timestamp="2022-11-09T12:13:24 IST" skipped="0">
  <testcase classname="RestAssuredPrograms.DeSerialisationRestAssured" name="deserialisationProgram" time="0.245"/>
  <system-out/>
</testsuite> <!-- RestAssuredPrograms.DeSerialisationRestAssured -->
