<?xml version="1.0" encoding="UTF-8"?>
<!-- Generated by org.testng.reporters.JUnitReportReporter -->
<testsuite hostname="DESKTOP-I16HI44" failures="0" tests="3" name="RestAssuredPrograms.DataProviderRest" time="2.302" errors="0" timestamp="2022-11-14T12:26:13 IST" skipped="0">
  <testcase classname="RestAssuredPrograms.DataProviderRest" name="dataTest" time="0.093"/>
  <system-out/>
  <testcase classname="RestAssuredPrograms.DataProviderRest" name="dataTest" time="2.125"/>
  <system-out/>
  <testcase classname="RestAssuredPrograms.DataProviderRest" name="dataTest" time="0.084"/>
  <system-out/>
</testsuite> <!-- RestAssuredPrograms.DataProviderRest -->
