<?xml version="1.0" encoding="UTF-8"?>
<!-- Generated by org.testng.reporters.JUnitReportReporter -->
<testsuite hostname="DESKTOP-I16HI44" failures="0" tests="1" name="withBDD.CRUD_POST" time="2.209" errors="0" timestamp="2022-11-09T13:03:22 IST" skipped="0">
  <testcase classname="withBDD.CRUD_POST" name="POSTWithBDD" time="2.209"/>
  <system-out/>
</testsuite> <!-- withBDD.CRUD_POST -->
