<?xml version="1.0" encoding="UTF-8"?>
<!-- Generated by org.testng.reporters.JUnitReportReporter -->
<testsuite hostname="DESKTOP-I16HI44" failures="0" tests="1" name="RestAssuredPrograms.SerialisationRestAssured" time="0.375" errors="0" timestamp="2022-12-10T08:18:51 IST" skipped="0">
  <testcase classname="RestAssuredPrograms.SerialisationRestAssured" name="addProjectPOJO" time="0.375"/>
  <system-out/>
</testsuite> <!-- RestAssuredPrograms.SerialisationRestAssured -->
