<?xml version="1.0" encoding="UTF-8"?>
<!-- Generated by org.testng.reporters.JUnitReportReporter -->
<testsuite hostname="DESKTOP-I16HI44" failures="0" tests="1" name="withBDD.CRUD_GET_SingleProject_WithBDD" time="1.940" errors="0" timestamp="2022-11-09T15:56:07 IST" skipped="0">
  <testcase classname="withBDD.CRUD_GET_SingleProject_WithBDD" name="getSingleProjectWithBDD" time="1.940"/>
  <system-out/>
</testsuite> <!-- withBDD.CRUD_GET_SingleProject_WithBDD -->
