<?xml version="1.0" encoding="UTF-8"?>
<!-- Generated by org.testng.reporters.JUnitReportReporter -->
<testsuite hostname="DESKTOP-I16HI44" failures="0" tests="1" name="withBDD.CRUD_PUT" time="2.012" errors="0" timestamp="2022-11-09T13:18:59 IST" skipped="0">
  <testcase classname="withBDD.CRUD_PUT" name="PUTWithBDD" time="2.012"/>
  <system-out/>
</testsuite> <!-- withBDD.CRUD_PUT -->
