<?xml version="1.0" encoding="UTF-8"?>
<!-- Generated by org.testng.reporters.JUnitReportReporter -->
<testsuite hostname="DESKTOP-I16HI44" failures="0" tests="1" name="Validation.StaticValidation" time="3.695" errors="0" timestamp="2022-11-14T12:21:47 IST" skipped="0">
  <testcase classname="Validation.StaticValidation" name="staticTest" time="3.695"/>
  <system-out/>
</testsuite> <!-- Validation.StaticValidation -->
