<?xml version="1.0" encoding="UTF-8"?>
<!-- Generated by org.testng.reporters.JUnitReportReporter -->
<testsuite hostname="DESKTOP-I16HI44" failures="0" tests="1" name="RestAssuredUsingInbuildMethods.GetAllProjectInBuild" time="1.578" errors="0" timestamp="2022-11-09T11:19:19 IST" skipped="0">
  <testcase classname="RestAssuredUsingInbuildMethods.GetAllProjectInBuild" name="getAllProjectPath" time="1.578"/>
  <system-out/>
</testsuite> <!-- RestAssuredUsingInbuildMethods.GetAllProjectInBuild -->
