<?xml version="1.0" encoding="UTF-8"?>
<!-- Generated by org.testng.reporters.JUnitReportReporter -->
<testsuite hostname="DESKTOP-I16HI44" failures="0" tests="1" name="withBDD.CRUD_POST_BDD" time="2.265" errors="0" timestamp="2022-11-09T13:17:52 IST" skipped="0">
  <testcase classname="withBDD.CRUD_POST_BDD" name="POSTWithBDD" time="2.265"/>
  <system-out/>
</testsuite> <!-- withBDD.CRUD_POST_BDD -->
