<?xml version="1.0" encoding="UTF-8"?>
<!-- Generated by org.testng.reporters.JUnitReportReporter -->
<testsuite hostname="DESKTOP-I16HI44" failures="0" tests="1" name="RestAssuredPrograms.AddProjectUsingPOJOClass" time="2.203" errors="0" timestamp="2022-11-14T14:24:05 IST" skipped="0">
  <testcase classname="RestAssuredPrograms.AddProjectUsingPOJOClass" name="addProjectUsingPOJO" time="2.203"/>
  <system-out/>
</testsuite> <!-- RestAssuredPrograms.AddProjectUsingPOJOClass -->
