<?xml version="1.0" encoding="UTF-8"?>
<!-- Generated by org.testng.reporters.JUnitReportReporter -->
<testsuite hostname="DESKTOP-I16HI44" failures="0" tests="1" name="WithoutBDD.CRUD_POST_WithoutBDD" time="2.420" errors="0" timestamp="2022-11-09T15:46:14 IST" skipped="0">
  <testcase classname="WithoutBDD.CRUD_POST_WithoutBDD" name="postWithoutBDD" time="2.420"/>
  <system-out/>
</testsuite> <!-- WithoutBDD.CRUD_POST_WithoutBDD -->
